This is pdfTeX, Version 3.141592653-2.6-1.40.25 (MiKTeX 24.1) (preloaded format=pdflatex 2025.10.20)  7 NOV 2025 06:14
entering extended mode
 restricted \write18 enabled.
 %&-line parsing enabled.
**./Lab_1.tex
(Lab_1.tex
LaTeX2e <2023-11-01> patch level 1
L3 programming layer <2024-01-04>
(C:\Users\daveg\AppData\Local\Programs\MiKTeX\tex/latex/base\article.cls
Document Class: article 2023/05/17 v1.4n Standard LaTeX document class
(C:\Users\daveg\AppData\Local\Programs\MiKTeX\tex/latex/base\size12.clo
File: size12.clo 2023/05/17 v1.4n Standard LaTeX file (size option)
)
\c@part=\count187
\c@section=\count188
\c@subsection=\count189
\c@subsubsection=\count190
\c@paragraph=\count191
\c@subparagraph=\count192
\c@figure=\count193
\c@table=\count194
\abovecaptionskip=\skip48
\belowcaptionskip=\skip49
\bibindent=\dimen140
)
(C:\Users\daveg\AppData\Local\Programs\MiKTeX\tex/latex/base\inputenc.sty
Package: inputenc 2021/02/14 v1.3d Input encoding file
\inpenc@prehook=\toks17
\inpenc@posthook=\toks18
)
(C:\Users\daveg\AppData\Local\Programs\MiKTeX\tex/latex/base\fontenc.sty
Package: fontenc 2021/04/29 v2.0v Standard LaTeX package
)
(C:\Users\daveg\AppData\Local\Programs\MiKTeX\tex/generic/babel\babel.sty
Package: babel 2024/01/07 v24.1 The Babel package
\babel@savecnt=\count195
\U@D=\dimen141
\l@unhyphenated=\language79

(C:\Users\daveg\AppData\Local\Programs\MiKTeX\tex/generic/babel\txtbabel.def)
\bbl@readstream=\read2
\bbl@dirlevel=\count196

*************************************
* Local config file bblopts.cfg used
*
(C:\Users\daveg\AppData\Local\Programs\MiKTeX\tex/latex/arabi\bblopts.cfg
File: bblopts.cfg 2005/09/08 v0.1 add Arabic and Farsi to "declared" options of
 babel
)
(C:\Users\daveg\AppData\Local\Programs\MiKTeX\tex/latex/babel-czech\czech.ldf
Language: czech 2008/07/06 v3.1a Czech support from the babel system
Package babel Info: Making " an active character on input line 172.
\cs@wordlen=\count197
Package babel Info: Making - an active character on input line 226.
)
(C:\Users\daveg\AppData\Local\Programs\MiKTeX\tex/latex/babel-english\english.l
df
Language: english 2017/06/06 v3.3r English support from the babel system
Package babel Info: Hyphen rules for 'canadian' set to \l@english
(babel)             (\language0). Reported on input line 102.
Package babel Info: Hyphen rules for 'australian' set to \l@ukenglish
(babel)             (\language73). Reported on input line 105.
Package babel Info: Hyphen rules for 'newzealand' set to \l@ukenglish
(babel)             (\language73). Reported on input line 108.
))
(C:\Users\daveg\AppData\Local\Programs\MiKTeX\tex/generic/babel/locale/en\babel
-english.tex
Package babel Info: Importing font and identification data for english
(babel)             from babel-en.ini. Reported on input line 11.
)
(C:\Users\daveg\AppData\Local\Programs\MiKTeX\tex/generic/babel/locale/cs\babel
-czech.tex
Package babel Info: Importing font and identification data for czech
(babel)             from babel-cs.ini. Reported on input line 11.
)
(C:\Users\daveg\AppData\Local\Programs\MiKTeX\tex/latex/graphics\graphicx.sty
Package: graphicx 2021/09/16 v1.2d Enhanced LaTeX Graphics (DPC,SPQR)

(C:\Users\daveg\AppData\Local\Programs\MiKTeX\tex/latex/graphics\keyval.sty
Package: keyval 2022/05/29 v1.15 key=value parser (DPC)
\KV@toks@=\toks19
)
(C:\Users\daveg\AppData\Local\Programs\MiKTeX\tex/latex/graphics\graphics.sty
Package: graphics 2022/03/10 v1.4e Standard LaTeX Graphics (DPC,SPQR)

(C:\Users\daveg\AppData\Local\Programs\MiKTeX\tex/latex/graphics\trig.sty
Package: trig 2021/08/11 v1.11 sin cos tan (DPC)
)
(C:\Users\daveg\AppData\Local\Programs\MiKTeX\tex/latex/graphics-cfg\graphics.c
fg
File: graphics.cfg 2016/06/04 v1.11 sample graphics configuration
)
Package graphics Info: Driver file: pdftex.def on input line 107.

(C:\Users\daveg\AppData\Local\Programs\MiKTeX\tex/latex/graphics-def\pdftex.def
File: pdftex.def 2022/09/22 v1.2b Graphics/color driver for pdftex
))
\Gin@req@height=\dimen142
\Gin@req@width=\dimen143
)
(C:\Users\daveg\AppData\Local\Programs\MiKTeX\tex/latex/hyperref\hyperref.sty
Package: hyperref 2023-11-26 v7.01g Hypertext links for LaTeX

(C:\Users\daveg\AppData\Local\Programs\MiKTeX\tex/generic/iftex\iftex.sty
Package: iftex 2022/02/03 v1.0f TeX engine tests
)
(C:\Users\daveg\AppData\Local\Programs\MiKTeX\tex/generic/infwarerr\infwarerr.s
ty
Package: infwarerr 2019/12/03 v1.5 Providing info/warning/error messages (HO)
)
(C:\Users\daveg\AppData\Local\Programs\MiKTeX\tex/latex/kvsetkeys\kvsetkeys.sty
Package: kvsetkeys 2022-10-05 v1.19 Key value parser (HO)
)
(C:\Users\daveg\AppData\Local\Programs\MiKTeX\tex/generic/kvdefinekeys\kvdefine
keys.sty
Package: kvdefinekeys 2019-12-19 v1.6 Define keys (HO)
)
(C:\Users\daveg\AppData\Local\Programs\MiKTeX\tex/generic/pdfescape\pdfescape.s
ty
Package: pdfescape 2019/12/09 v1.15 Implements pdfTeX's escape features (HO)

(C:\Users\daveg\AppData\Local\Programs\MiKTeX\tex/generic/ltxcmds\ltxcmds.sty
Package: ltxcmds 2023-12-04 v1.26 LaTeX kernel commands for general use (HO)
)
(C:\Users\daveg\AppData\Local\Programs\MiKTeX\tex/generic/pdftexcmds\pdftexcmds
.sty
Package: pdftexcmds 2020-06-27 v0.33 Utility functions of pdfTeX for LuaTeX (HO
)
Package pdftexcmds Info: \pdf@primitive is available.
Package pdftexcmds Info: \pdf@ifprimitive is available.
Package pdftexcmds Info: \pdfdraftmode found.
))
(C:\Users\daveg\AppData\Local\Programs\MiKTeX\tex/latex/hycolor\hycolor.sty
Package: hycolor 2020-01-27 v1.10 Color options for hyperref/bookmark (HO)
)
(C:\Users\daveg\AppData\Local\Programs\MiKTeX\tex/latex/letltxmacro\letltxmacro
.sty
Package: letltxmacro 2019/12/03 v1.6 Let assignment for LaTeX macros (HO)
)
(C:\Users\daveg\AppData\Local\Programs\MiKTeX\tex/latex/auxhook\auxhook.sty
Package: auxhook 2019-12-17 v1.6 Hooks for auxiliary files (HO)
)
(C:\Users\daveg\AppData\Local\Programs\MiKTeX\tex/latex/hyperref\nameref.sty
Package: nameref 2023-11-26 v2.56 Cross-referencing by name of section

(C:\Users\daveg\AppData\Local\Programs\MiKTeX\tex/latex/refcount\refcount.sty
Package: refcount 2019/12/15 v3.6 Data extraction from label references (HO)
)
(C:\Users\daveg\AppData\Local\Programs\MiKTeX\tex/generic/gettitlestring\gettit
lestring.sty
Package: gettitlestring 2019/12/15 v1.6 Cleanup title references (HO)

(C:\Users\daveg\AppData\Local\Programs\MiKTeX\tex/latex/kvoptions\kvoptions.sty
Package: kvoptions 2022-06-15 v3.15 Key value format for package options (HO)
))
\c@section@level=\count198
)
(C:\Users\daveg\AppData\Local\Programs\MiKTeX\tex/latex/etoolbox\etoolbox.sty
Package: etoolbox 2020/10/05 v2.5k e-TeX tools for LaTeX (JAW)
\etb@tempcnta=\count199
)
\@linkdim=\dimen144
\Hy@linkcounter=\count266
\Hy@pagecounter=\count267

(C:\Users\daveg\AppData\Local\Programs\MiKTeX\tex/latex/hyperref\pd1enc.def
File: pd1enc.def 2023-11-26 v7.01g Hyperref: PDFDocEncoding definition (HO)
Now handling font encoding PD1 ...
... no UTF-8 mapping file for font encoding PD1
)
(C:\Users\daveg\AppData\Local\Programs\MiKTeX\tex/generic/intcalc\intcalc.sty
Package: intcalc 2019/12/15 v1.3 Expandable calculations with integers (HO)
)
\Hy@SavedSpaceFactor=\count268

(C:\Users\daveg\AppData\Local\Programs\MiKTeX\tex/latex/hyperref\puenc.def
File: puenc.def 2023-11-26 v7.01g Hyperref: PDF Unicode definition (HO)
Now handling font encoding PU ...
... no UTF-8 mapping file for font encoding PU
)
Package hyperref Info: Hyper figures OFF on input line 4181.
Package hyperref Info: Link nesting OFF on input line 4186.
Package hyperref Info: Hyper index ON on input line 4189.
Package hyperref Info: Plain pages OFF on input line 4196.
Package hyperref Info: Backreferencing OFF on input line 4201.
Package hyperref Info: Implicit mode ON; LaTeX internals redefined.
Package hyperref Info: Bookmarks ON on input line 4448.
\c@Hy@tempcnt=\count269

(C:\Users\daveg\AppData\Local\Programs\MiKTeX\tex/latex/url\url.sty
\Urlmuskip=\muskip16
Package: url 2013/09/16  ver 3.4  Verb mode for urls, etc.
)
LaTeX Info: Redefining \url on input line 4786.
\XeTeXLinkMargin=\dimen145

(C:\Users\daveg\AppData\Local\Programs\MiKTeX\tex/generic/bitset\bitset.sty
Package: bitset 2019/12/09 v1.3 Handle bit-vector datatype (HO)

(C:\Users\daveg\AppData\Local\Programs\MiKTeX\tex/generic/bigintcalc\bigintcalc
.sty
Package: bigintcalc 2019/12/15 v1.5 Expandable calculations on big integers (HO
)
))
\Fld@menulength=\count270
\Field@Width=\dimen146
\Fld@charsize=\dimen147
Package hyperref Info: Hyper figures OFF on input line 6065.
Package hyperref Info: Link nesting OFF on input line 6070.
Package hyperref Info: Hyper index ON on input line 6073.
Package hyperref Info: backreferencing OFF on input line 6080.
Package hyperref Info: Link coloring OFF on input line 6085.
Package hyperref Info: Link coloring with OCG OFF on input line 6090.
Package hyperref Info: PDF/A mode OFF on input line 6095.

(C:\Users\daveg\AppData\Local\Programs\MiKTeX\tex/latex/base\atbegshi-ltx.sty
Package: atbegshi-ltx 2021/01/10 v1.0c Emulation of the original atbegshi
package with kernel methods
)
\Hy@abspage=\count271
\c@Item=\count272
\c@Hfootnote=\count273
)
Package hyperref Info: Driver (autodetected): hpdftex.
(C:\Users\daveg\AppData\Local\Programs\MiKTeX\tex/latex/hyperref\hpdftex.def
File: hpdftex.def 2023-11-26 v7.01g Hyperref driver for pdfTeX

(C:\Users\daveg\AppData\Local\Programs\MiKTeX\tex/latex/base\atveryend-ltx.sty
Package: atveryend-ltx 2020/08/19 v1.0a Emulation of the original atveryend pac
kage
with kernel methods
)
\Fld@listcount=\count274
\c@bookmark@seq@number=\count275

(C:\Users\daveg\AppData\Local\Programs\MiKTeX\tex/latex/rerunfilecheck\rerunfil
echeck.sty
Package: rerunfilecheck 2025-06-21 v1.11 Rerun checks for auxiliary files (HO)

(C:\Users\daveg\AppData\Local\Programs\MiKTeX\tex/generic/uniquecounter\uniquec
ounter.sty
Package: uniquecounter 2019/12/15 v1.4 Provide unlimited unique counter (HO)
)
Package uniquecounter Info: New unique counter `rerunfilecheck' on input line 2
84.
)
\Hy@SectionHShift=\skip50
)
(C:\Users\daveg\AppData\Local\Programs\MiKTeX\tex/latex/geometry\geometry.sty
Package: geometry 2020/01/02 v5.9 Page Geometry

(C:\Users\daveg\AppData\Local\Programs\MiKTeX\tex/generic/iftex\ifvtex.sty
Package: ifvtex 2019/10/25 v1.7 ifvtex legacy package. Use iftex instead.
)
\Gm@cnth=\count276
\Gm@cntv=\count277
\c@Gm@tempcnt=\count278
\Gm@bindingoffset=\dimen148
\Gm@wd@mp=\dimen149
\Gm@odd@mp=\dimen150
\Gm@even@mp=\dimen151
\Gm@layoutwidth=\dimen152
\Gm@layoutheight=\dimen153
\Gm@layouthoffset=\dimen154
\Gm@layoutvoffset=\dimen155
\Gm@dimlist=\toks20

(C:\Users\daveg\AppData\Local\Programs\MiKTeX\tex/latex/geometry\geometry.cfg))
(C:\Users\daveg\AppData\Local\Programs\MiKTeX\tex/latex/xcolor\xcolor.sty
Package: xcolor 2023/11/15 v3.01 LaTeX color extensions (UK)

(C:\Users\daveg\AppData\Local\Programs\MiKTeX\tex/latex/graphics-cfg\color.cfg
File: color.cfg 2016/01/02 v1.6 sample color configuration
)
Package xcolor Info: Driver file: pdftex.def on input line 274.
(C:\Users\daveg\AppData\Local\Programs\MiKTeX\tex/latex/graphics\mathcolor.ltx)
Package xcolor Info: Model `cmy' substituted by `cmy0' on input line 1350.
Package xcolor Info: Model `hsb' substituted by `rgb' on input line 1354.
Package xcolor Info: Model `RGB' extended on input line 1366.
Package xcolor Info: Model `HTML' substituted by `rgb' on input line 1368.
Package xcolor Info: Model `Hsb' substituted by `hsb' on input line 1369.
Package xcolor Info: Model `tHsb' substituted by `hsb' on input line 1370.
Package xcolor Info: Model `HSB' substituted by `hsb' on input line 1371.
Package xcolor Info: Model `Gray' substituted by `gray' on input line 1372.
Package xcolor Info: Model `wave' substituted by `hsb' on input line 1373.
) (C:\Users\daveg\AppData\Local\Programs\MiKTeX\tex/latex/float\float.sty
Package: float 2001/11/08 v1.3d Float enhancements (AL)
\c@float@type=\count279
\float@exts=\toks21
\float@box=\box51
\@float@everytoks=\toks22
\@floatcapt=\box52
)
(C:\Users\daveg\AppData\Local\Programs\MiKTeX\tex/latex/l3backend\l3backend-pdf
tex.def
File: l3backend-pdftex.def 2024-01-04 L3 backend support: PDF output (pdfTeX)
\l__color_backend_stack_int=\count280
\l__pdf_internal_box=\box53
) (Lab_1.aux)
\openout1 = `Lab_1.aux'.

LaTeX Font Info:    Checking defaults for OML/cmm/m/it on input line 15.
LaTeX Font Info:    ... okay on input line 15.
LaTeX Font Info:    Checking defaults for OMS/cmsy/m/n on input line 15.
LaTeX Font Info:    ... okay on input line 15.
LaTeX Font Info:    Checking defaults for OT1/cmr/m/n on input line 15.
LaTeX Font Info:    ... okay on input line 15.
LaTeX Font Info:    Checking defaults for T1/cmr/m/n on input line 15.
LaTeX Font Info:    ... okay on input line 15.
LaTeX Font Info:    Checking defaults for TS1/cmr/m/n on input line 15.
LaTeX Font Info:    ... okay on input line 15.
LaTeX Font Info:    Checking defaults for OMX/cmex/m/n on input line 15.
LaTeX Font Info:    ... okay on input line 15.
LaTeX Font Info:    Checking defaults for U/cmr/m/n on input line 15.
LaTeX Font Info:    ... okay on input line 15.
LaTeX Font Info:    Checking defaults for PD1/pdf/m/n on input line 15.
LaTeX Font Info:    ... okay on input line 15.
LaTeX Font Info:    Checking defaults for PU/pdf/m/n on input line 15.
LaTeX Font Info:    ... okay on input line 15.

(C:\Users\daveg\AppData\Local\Programs\MiKTeX\tex/context/base/mkii\supp-pdf.mk
ii
[Loading MPS to PDF converter (version 2006.09.02).]
\scratchcounter=\count281
\scratchdimen=\dimen156
\scratchbox=\box54
\nofMPsegments=\count282
\nofMParguments=\count283
\everyMPshowfont=\toks23
\MPscratchCnt=\count284
\MPscratchDim=\dimen157
\MPnumerator=\count285
\makeMPintoPDFobject=\count286
\everyMPtoPDFconversion=\toks24
)
(C:\Users\daveg\AppData\Local\Programs\MiKTeX\tex/latex/epstopdf-pkg\epstopdf-b
ase.sty
Package: epstopdf-base 2020-01-24 v2.11 Base part for package epstopdf
Package epstopdf-base Info: Redefining graphics rule for `.eps' on input line 4
85.

(C:\Users\daveg\AppData\Local\Programs\MiKTeX\tex/latex/00miktex\epstopdf-sys.c
fg
File: epstopdf-sys.cfg 2021/03/18 v2.0 Configuration of epstopdf for MiKTeX
))
Package hyperref Info: Link coloring OFF on input line 15.
 (Lab_1.out) (Lab_1.out)
\@outlinefile=\write3
\openout3 = `Lab_1.out'.


*geometry* driver: auto-detecting
*geometry* detected driver: pdftex
*geometry* verbose mode - [ preamble ] result:
* driver: pdftex
* paper: a4paper
* layout: <same size as paper>
* layoutoffset:(h,v)=(0.0pt,0.0pt)
* modes: 
* h-part:(L,W,R)=(71.13188pt, 455.24411pt, 71.13188pt)
* v-part:(T,H,B)=(71.13188pt, 702.78308pt, 71.13188pt)
* \paperwidth=597.50787pt
* \paperheight=845.04684pt
* \textwidth=455.24411pt
* \textheight=702.78308pt
* \oddsidemargin=-1.1381pt
* \evensidemargin=-1.1381pt
* \topmargin=-38.1381pt
* \headheight=12.0pt
* \headsep=25.0pt
* \topskip=12.0pt
* \footskip=30.0pt
* \marginparwidth=35.0pt
* \marginparsep=10.0pt
* \columnsep=10.0pt
* \skip\footins=10.8pt plus 4.0pt minus 2.0pt
* \hoffset=0.0pt
* \voffset=0.0pt
* \mag=1000
* \@twocolumnfalse
* \@twosidefalse
* \@mparswitchfalse
* \@reversemarginfalse
* (1in=72.27pt=25.4mm, 1cm=28.453pt)

LaTeX Font Info:    External font `cmex10' loaded for size
(Font)              <12> on input line 22.
LaTeX Font Info:    External font `cmex10' loaded for size
(Font)              <8> on input line 22.
LaTeX Font Info:    External font `cmex10' loaded for size
(Font)              <6> on input line 22.
LaTeX Font Info:    Trying to load font information for T1+cmtt on input line 4
3.
(C:\Users\daveg\AppData\Local\Programs\MiKTeX\tex/latex/base\t1cmtt.fd
File: t1cmtt.fd 2023/04/13 v2.5m Standard LaTeX font definitions
)
<Pictures_Lab1/objective 1p1.png, id=3, 373.395pt x 697.10437pt>
File: Pictures_Lab1/objective 1p1.png Graphic file (type png)
<use Pictures_Lab1/objective 1p1.png>
Package pdftex.def Info: Pictures_Lab1/objective 1p1.png  used on input line 46
.
(pdftex.def)             Requested size: 207.04295pt x 386.53584pt.

[1

{C:/Users/daveg/AppData/Local/MiKTeX/fonts/map/pdftex/pdftex.map}
pdfTeX warning (ext4): destination with the same identifier (name{figure.1}) ha
s been already used, duplicate ignored
<argument> ...shipout:D \box_use:N \l_shipout_box 
                                                  \__shipout_drop_firstpage_...
l.51 
      <./Pictures_Lab1/objective 1p1.png>]
<Pictures_Lab1/objective 2p1.png, id=17, 551.05875pt x 741.52031pt>
File: Pictures_Lab1/objective 2p1.png Graphic file (type png)
<use Pictures_Lab1/objective 2p1.png>
Package pdftex.def Info: Pictures_Lab1/objective 2p1.png  used on input line 67
.
(pdftex.def)             Requested size: 287.25009pt x 386.53189pt.
<Pictures_Lab1/objective 2p2.png, id=18, 559.33969pt x 735.49782pt>
File: Pictures_Lab1/objective 2p2.png Graphic file (type png)
<use Pictures_Lab1/objective 2p2.png>
Package pdftex.def Info: Pictures_Lab1/objective 2p2.png  used on input line 73
.
(pdftex.def)             Requested size: 293.96498pt x 386.54616pt.
 [2
pdfTeX warning (ext4): destination with the same identifier (name{figure.2}) ha
s been already used, duplicate ignored
<argument> ...shipout:D \box_use:N \l_shipout_box 
                                                  \__shipout_drop_firstpage_...
l.76 
      <./Pictures_Lab1/objective 2p1.png>]
<Pictures_Lab1/arp protocol applied.png, id=27, 711.4078pt x 176.15813pt>
File: Pictures_Lab1/arp protocol applied.png Graphic file (type png)
<use Pictures_Lab1/arp protocol applied.png>
Package pdftex.def Info: Pictures_Lab1/arp protocol applied.png  used on input 
line 84.
(pdftex.def)             Requested size: 455.24411pt x 112.73006pt.
<Pictures_Lab1/ping cmd.png, id=28, 341.02406pt x 155.83218pt>
File: Pictures_Lab1/ping cmd.png Graphic file (type png)
<use Pictures_Lab1/ping cmd.png>
Package pdftex.def Info: Pictures_Lab1/ping cmd.png  used on input line 91.
(pdftex.def)             Requested size: 455.24411pt x 208.03888pt.
 [3
pdfTeX warning (ext4): destination with the same identifier (name{figure.3}) ha
s been already used, duplicate ignored
<argument> ...shipout:D \box_use:N \l_shipout_box 
                                                  \__shipout_drop_firstpage_...
l.93 \end{figure}
                 
pdfTeX warning (ext4): destination with the same identifier (name{figure.4}) ha
s been already used, duplicate ignored
<argument> ...shipout:D \box_use:N \l_shipout_box 
                                                  \__shipout_drop_firstpage_...
l.93 \end{figure}
                  <./Pictures_Lab1/objective 2p2.png> <./Pictures_Lab1/arp prot
ocol applied.png>]
<Pictures_Lab1/pinged.png, id=37, 705.38531pt x 167.87718pt>
File: Pictures_Lab1/pinged.png Graphic file (type png)
<use Pictures_Lab1/pinged.png>
Package pdftex.def Info: Pictures_Lab1/pinged.png  used on input line 98.
(pdftex.def)             Requested size: 455.24411pt x 108.34526pt.
 [4
pdfTeX warning (ext4): destination with the same identifier (name{figure.5}) ha
s been already used, duplicate ignored
<argument> ...shipout:D \box_use:N \l_shipout_box 
                                                  \__shipout_drop_firstpage_...
l.105 
      
pdfTeX warning (ext4): destination with the same identifier (name{figure.6}) ha
s been already used, duplicate ignored
<argument> ...shipout:D \box_use:N \l_shipout_box 
                                                  \__shipout_drop_firstpage_...
l.105 
       <./Pictures_Lab1/ping cmd.png> <./Pictures_Lab1/pinged.png>]
<Pictures_Lab1/ethernet 2 and other thing ss .png, id=46, 668.4975pt x 234.8775
pt>
File: Pictures_Lab1/ethernet 2 and other thing ss .png Graphic file (type png)
<use Pictures_Lab1/ethernet 2 and other thing ss .png>
Package pdftex.def Info: Pictures_Lab1/ethernet 2 and other thing ss .png  used
 on input line 110.
(pdftex.def)             Requested size: 455.24411pt x 159.9547pt.
<Pictures_Lab1/response packet answer ss.png, id=47, 587.19376pt x 237.88875pt>

File: Pictures_Lab1/response packet answer ss.png Graphic file (type png)
<use Pictures_Lab1/response packet answer ss.png>
Package pdftex.def Info: Pictures_Lab1/response packet answer ss.png  used on i
nput line 121.
(pdftex.def)             Requested size: 455.24411pt x 184.43083pt.
 [5
pdfTeX warning (ext4): destination with the same identifier (name{figure.7}) ha
s been already used, duplicate ignored
<argument> ...shipout:D \box_use:N \l_shipout_box 
                                                  \__shipout_drop_firstpage_...
l.128 \section
              *{3. Objective 3}
pdfTeX warning (ext4): destination with the same identifier (name{figure.8}) ha
s been already used, duplicate ignored
<argument> ...shipout:D \box_use:N \l_shipout_box 
                                                  \__shipout_drop_firstpage_...
l.128 \section
              *{3. Objective 3} <./Pictures_Lab1/ethernet 2 and other thing ss 
.png> <./Pictures_Lab1/response packet answer ss.png>]
<Pictures_Lab1/obj3 arp table .png, id=56, 327.47343pt x 679.78969pt>
File: Pictures_Lab1/obj3 arp table .png Graphic file (type png)
<use Pictures_Lab1/obj3 arp table .png>
Package pdftex.def Info: Pictures_Lab1/obj3 arp table .png  used on input line 
136.
(pdftex.def)             Requested size: 186.20209pt x 386.52985pt.
<Pictures_Lab1/arp-a after deletion obj3.png, id=57, 325.215pt x 690.32906pt>
File: Pictures_Lab1/arp-a after deletion obj3.png Graphic file (type png)
<use Pictures_Lab1/arp-a after deletion obj3.png>
Package pdftex.def Info: Pictures_Lab1/arp-a after deletion obj3.png  used on i
nput line 150.
(pdftex.def)             Requested size: 182.0993pt x 386.5395pt.
 [6
pdfTeX warning (ext4): destination with the same identifier (name{figure.9}) ha
s been already used, duplicate ignored
<argument> ...shipout:D \box_use:N \l_shipout_box 
                                                  \__shipout_drop_firstpage_...
l.152 \end{figure}
                   <./Pictures_Lab1/obj3 arp table .png>]
File: Pictures_Lab1/ping cmd.png Graphic file (type png)
<use Pictures_Lab1/ping cmd.png>
Package pdftex.def Info: Pictures_Lab1/ping cmd.png  used on input line 163.
(pdftex.def)             Requested size: 246.08351pt x 112.44875pt.
<Pictures_Lab1/new arp generated anyway objective 3 .png, id=66, 707.64375pt x 
296.60812pt>
File: Pictures_Lab1/new arp generated anyway objective 3 .png Graphic file (typ
e png)
<use Pictures_Lab1/new arp generated anyway objective 3 .png>
Package pdftex.def Info: Pictures_Lab1/new arp generated anyway objective 3 .pn
g  used on input line 171.
(pdftex.def)             Requested size: 455.24411pt x 190.81519pt.
 [7
pdfTeX warning (ext4): destination with the same identifier (name{figure.10}) h
as been already used, duplicate ignored
<argument> ...shipout:D \box_use:N \l_shipout_box 
                                                  \__shipout_drop_firstpage_...
l.173 \end{figure}
                  
pdfTeX warning (ext4): destination with the same identifier (name{figure.11}) h
as been already used, duplicate ignored
<argument> ...shipout:D \box_use:N \l_shipout_box 
                                                  \__shipout_drop_firstpage_...
l.173 \end{figure}
                   <./Pictures_Lab1/arp-a after deletion obj3.png>] [8
pdfTeX warning (ext4): destination with the same identifier (name{figure.12}) h
as been already used, duplicate ignored
<argument> ...shipout:D \box_use:N \l_shipout_box 
                                                  \__shipout_drop_firstpage_...
l.179 
       <./Pictures_Lab1/new arp generated anyway objective 3 .png>]
<Pictures_Lab1/graph zoomed in.png, id=81, 647.41875pt x 401.24907pt>
File: Pictures_Lab1/graph zoomed in.png Graphic file (type png)
<use Pictures_Lab1/graph zoomed in.png>
Package pdftex.def Info: Pictures_Lab1/graph zoomed in.png  used on input line 
190.
(pdftex.def)             Requested size: 455.24411pt x 282.14592pt.
<Pictures_Lab1/packets graph obj 4.png, id=82, 647.41875pt x 344.03531pt>
File: Pictures_Lab1/packets graph obj 4.png Graphic file (type png)
<use Pictures_Lab1/packets graph obj 4.png>
Package pdftex.def Info: Pictures_Lab1/packets graph obj 4.png  used on input l
ine 199.
(pdftex.def)             Requested size: 455.24411pt x 241.91498pt.
 [9
pdfTeX warning (ext4): destination with the same identifier (name{figure.13}) h
as been already used, duplicate ignored
<argument> ...shipout:D \box_use:N \l_shipout_box 
                                                  \__shipout_drop_firstpage_...
l.202 A
       s confirmed by the bytes and the packets graphs, 2 packets are transf...
 <./Pictures_Lab1/graph zoomed in.png>] [10
pdfTeX warning (ext4): destination with the same identifier (name{figure.14}) h
as been already used, duplicate ignored
<argument> ...shipout:D \box_use:N \l_shipout_box 
                                                  \__shipout_drop_firstpage_...
l.208 \section
              *{5. Objective 5} <./Pictures_Lab1/packets graph obj 4.png>]
<Pictures_Lab1/objective 5.png, id=96, 275.22826pt x 181.8795pt>
File: Pictures_Lab1/objective 5.png Graphic file (type png)
<use Pictures_Lab1/objective 5.png>
Package pdftex.def Info: Pictures_Lab1/objective 5.png  used on input line 217.

(pdftex.def)             Requested size: 455.24411pt x 300.84862pt.

[11
pdfTeX warning (ext4): destination with the same identifier (name{figure.15}) h
as been already used, duplicate ignored
<argument> ...shipout:D \box_use:N \l_shipout_box 
                                                  \__shipout_drop_firstpage_...
l.225 \section
              *{6. Objective 6} <./Pictures_Lab1/objective 5.png>]
<Pictures_Lab1/Event List obj 6 .png, id=104, 464.33475pt x 81.30376pt>
File: Pictures_Lab1/Event List obj 6 .png Graphic file (type png)
<use Pictures_Lab1/Event List obj 6 .png>
Package pdftex.def Info: Pictures_Lab1/Event List obj 6 .png  used on input lin
e 251.
(pdftex.def)             Requested size: 455.24411pt x 79.71558pt.
<Pictures_Lab1/OSI obj 6 .png, id=105, 415.5525pt x 154.77824pt>
File: Pictures_Lab1/OSI obj 6 .png Graphic file (type png)
<use Pictures_Lab1/OSI obj 6 .png>
Package pdftex.def Info: Pictures_Lab1/OSI obj 6 .png  used on input line 258.
(pdftex.def)             Requested size: 455.24411pt x 169.56932pt.
 [12
pdfTeX warning (ext4): destination with the same identifier (name{table.1}) has
 been already used, duplicate ignored
<argument> ...shipout:D \box_use:N \l_shipout_box 
                                                  \__shipout_drop_firstpage_...
l.261 
      
pdfTeX warning (ext4): destination with the same identifier (name{figure.16}) h
as been already used, duplicate ignored
<argument> ...shipout:D \box_use:N \l_shipout_box 
                                                  \__shipout_drop_firstpage_...
l.261 
       <./Pictures_Lab1/Event List obj 6 .png>]
<Pictures_Lab1/Outbound PDU details obj 6 .png, id=114, 409.53pt x 389.65575pt>

File: Pictures_Lab1/Outbound PDU details obj 6 .png Graphic file (type png)
<use Pictures_Lab1/Outbound PDU details obj 6 .png>
Package pdftex.def Info: Pictures_Lab1/Outbound PDU details obj 6 .png  used on
 input line 265.
(pdftex.def)             Requested size: 406.2733pt x 386.55708pt.
 [13
pdfTeX warning (ext4): destination with the same identifier (name{figure.17}) h
as been already used, duplicate ignored
<argument> ...shipout:D \box_use:N \l_shipout_box 
                                                  \__shipout_drop_firstpage_...
l.269 
      
pdfTeX warning (ext4): destination with the same identifier (name{figure.18}) h
as been already used, duplicate ignored
<argument> ...shipout:D \box_use:N \l_shipout_box 
                                                  \__shipout_drop_firstpage_...
l.269 
       <./Pictures_Lab1/OSI obj 6 .png> <./Pictures_Lab1/Outbound PDU details o
bj 6 .png>]
<Pictures_Lab1/mac address obj6.7.png, id=124, 214.401pt x 68.6565pt>
File: Pictures_Lab1/mac address obj6.7.png Graphic file (type png)
<use Pictures_Lab1/mac address obj6.7.png>
Package pdftex.def Info: Pictures_Lab1/mac address obj6.7.png  used on input li
ne 273.
(pdftex.def)             Requested size: 329.184pt x 105.41283pt.
<Pictures_Lab1/mac address obj6.8.png, id=125, 214.401pt x 77.088pt>
File: Pictures_Lab1/mac address obj6.8.png Graphic file (type png)
<use Pictures_Lab1/mac address obj6.8.png>
Package pdftex.def Info: Pictures_Lab1/mac address obj6.8.png  used on input li
ne 280.
(pdftex.def)             Requested size: 293.18452pt x 105.41464pt.
<Pictures_Lab1/arp-a obj 6.10.png, id=126, 260.172pt x 33.726pt>
File: Pictures_Lab1/arp-a obj 6.10.png Graphic file (type png)
<use Pictures_Lab1/arp-a obj 6.10.png>
Package pdftex.def Info: Pictures_Lab1/arp-a obj 6.10.png  used on input line 2
87.
(pdftex.def)             Requested size: 455.24411pt x 59.0162pt.
 [14
pdfTeX warning (ext4): destination with the same identifier (name{figure.19}) h
as been already used, duplicate ignored
<argument> ...shipout:D \box_use:N \l_shipout_box 
                                                  \__shipout_drop_firstpage_...
l.291 T
       he MAC table now has the following entries:
pdfTeX warning (ext4): destination with the same identifier (name{figure.20}) h
as been already used, duplicate ignored
<argument> ...shipout:D \box_use:N \l_shipout_box 
                                                  \__shipout_drop_firstpage_...
l.291 T
       he MAC table now has the following entries:
pdfTeX warning (ext4): destination with the same identifier (name{figure.21}) h
as been already used, duplicate ignored
<argument> ...shipout:D \box_use:N \l_shipout_box 
                                                  \__shipout_drop_firstpage_...
l.291 T
       he MAC table now has the following entries: <./Pictures_Lab1/mac address
 obj6.7.png> <./Pictures_Lab1/mac address obj6.8.png> <./Pictures_Lab1/arp-a ob
j 6.10.png>]
<Pictures_Lab1/mac address obj6.10.png, id=137, 211.992pt x 86.12175pt>
File: Pictures_Lab1/mac address obj6.10.png Graphic file (type png)
<use Pictures_Lab1/mac address obj6.10.png>
Package pdftex.def Info: Pictures_Lab1/mac address obj6.10.png  used on input l
ine 294.
(pdftex.def)             Requested size: 259.49028pt x 105.41792pt.
<Pictures_Lab1/inbound pdu obj6.10.png, id=138, 359.54324pt x 359.54324pt>
File: Pictures_Lab1/inbound pdu obj6.10.png Graphic file (type png)
<use Pictures_Lab1/inbound pdu obj6.10.png>
Package pdftex.def Info: Pictures_Lab1/inbound pdu obj6.10.png  used on input l
ine 301.
(pdftex.def)             Requested size: 455.24411pt x 455.25426pt.
 [15
pdfTeX warning (ext4): destination with the same identifier (name{figure.22}) h
as been already used, duplicate ignored
<argument> ...shipout:D \box_use:N \l_shipout_box 
                                                  \__shipout_drop_firstpage_...
l.307 
      
pdfTeX warning (ext4): destination with the same identifier (name{figure.23}) h
as been already used, duplicate ignored
<argument> ...shipout:D \box_use:N \l_shipout_box 
                                                  \__shipout_drop_firstpage_...
l.307 
       <./Pictures_Lab1/mac address obj6.10.png> <./Pictures_Lab1/inbound pdu o
bj6.10.png>]
<Pictures_Lab1/arp -a final .png, id=147, 260.172pt x 34.9305pt>
File: Pictures_Lab1/arp -a final .png Graphic file (type png)
<use Pictures_Lab1/arp -a final .png>
Package pdftex.def Info: Pictures_Lab1/arp -a final .png  used on input line 31
1.
(pdftex.def)             Requested size: 455.24411pt x 61.12393pt.
 [16
pdfTeX warning (ext4): destination with the same identifier (name{figure.24}) h
as been already used, duplicate ignored
<argument> ...shipout:D \box_use:N \l_shipout_box 
                                                  \__shipout_drop_firstpage_...
l.321 
       <./Pictures_Lab1/arp -a final .png>] [17] (Lab_1.aux)
 ***********
LaTeX2e <2023-11-01> patch level 1
L3 programming layer <2024-01-04>
 ***********
Package rerunfilecheck Info: File `Lab_1.out' has not changed.
(rerunfilecheck)             Checksum: D41D8CD98F00B204E9800998ECF8427E;0.
 ) 
Here is how much of TeX's memory you used:
 11045 strings out of 474486
 179544 string characters out of 5743754
 1932542 words of memory out of 5000000
 33145 multiletter control sequences out of 15000+600000
 565224 words of font info for 52 fonts, out of 8000000 for 9000
 1141 hyphenation exceptions out of 8191
 75i,9n,79p,370b,472s stack positions out of 10000i,1000n,20000p,200000b,200000s
 <C:\Users\daveg\AppData\Local\MiKTeX\fonts/pk/ljfour/jknappen/ec/dpi600\tcrm
1200.pk> <C:\Users\daveg\AppData\Local\MiKTeX\fonts/pk/ljfour/jknappen/ec/dpi60
0\ecti1200.pk> <C:\Users\daveg\AppData\Local\MiKTeX\fonts/pk/ljfour/jknappen/ec
/dpi600\ectt1200.pk> <C:\Users\daveg\AppData\Local\MiKTeX\fonts/pk/ljfour/jknap
pen/ec/dpi600\ecrm1200.pk> <C:\Users\daveg\AppData\Local\MiKTeX\fonts/pk/ljfour
/jknappen/ec/dpi600\ecbx1200.pk> <C:\Users\daveg\AppData\Local\MiKTeX\fonts/pk/
ljfour/jknappen/ec/dpi600\ecbx1728.pk>
Output written on Lab_1.pdf (17 pages, 612523 bytes).
PDF statistics:
 412 PDF objects out of 1000 (max. 8388607)
 53 named destinations out of 1000 (max. 500000)
 116 words of extra memory for PDF output out of 10000 (max. 10000000)

