This is pdfTeX, Version 3.141592653-2.6-1.40.25 (MiKTeX 24.1) (preloaded format=pdflatex 2025.10.20)  9 NOV 2025 16:05
entering extended mode
 restricted \write18 enabled.
 %&-line parsing enabled.
**./Lab_2.tex
(Lab_2.tex
LaTeX2e <2023-11-01> patch level 1
L3 programming layer <2024-01-04>
(C:\Users\daveg\AppData\Local\Programs\MiKTeX\tex/latex/base\article.cls
Document Class: article 2023/05/17 v1.4n Standard LaTeX document class
(C:\Users\daveg\AppData\Local\Programs\MiKTeX\tex/latex/base\size12.clo
File: size12.clo 2023/05/17 v1.4n Standard LaTeX file (size option)
)
\c@part=\count187
\c@section=\count188
\c@subsection=\count189
\c@subsubsection=\count190
\c@paragraph=\count191
\c@subparagraph=\count192
\c@figure=\count193
\c@table=\count194
\abovecaptionskip=\skip48
\belowcaptionskip=\skip49
\bibindent=\dimen140
)
(C:\Users\daveg\AppData\Local\Programs\MiKTeX\tex/latex/base\inputenc.sty
Package: inputenc 2021/02/14 v1.3d Input encoding file
\inpenc@prehook=\toks17
\inpenc@posthook=\toks18
)
(C:\Users\daveg\AppData\Local\Programs\MiKTeX\tex/latex/base\fontenc.sty
Package: fontenc 2021/04/29 v2.0v Standard LaTeX package
)
(C:\Users\daveg\AppData\Local\Programs\MiKTeX\tex/generic/babel\babel.sty
Package: babel 2024/01/07 v24.1 The Babel package
\babel@savecnt=\count195
\U@D=\dimen141
\l@unhyphenated=\language79

(C:\Users\daveg\AppData\Local\Programs\MiKTeX\tex/generic/babel\txtbabel.def)
\bbl@readstream=\read2
\bbl@dirlevel=\count196

*************************************
* Local config file bblopts.cfg used
*
(C:\Users\daveg\AppData\Local\Programs\MiKTeX\tex/latex/arabi\bblopts.cfg
File: bblopts.cfg 2005/09/08 v0.1 add Arabic and Farsi to "declared" options of
 babel
)
(C:\Users\daveg\AppData\Local\Programs\MiKTeX\tex/latex/babel-czech\czech.ldf
Language: czech 2008/07/06 v3.1a Czech support from the babel system
Package babel Info: Making " an active character on input line 172.
\cs@wordlen=\count197
Package babel Info: Making - an active character on input line 226.
)
(C:\Users\daveg\AppData\Local\Programs\MiKTeX\tex/latex/babel-english\english.l
df
Language: english 2017/06/06 v3.3r English support from the babel system
Package babel Info: Hyphen rules for 'canadian' set to \l@english
(babel)             (\language0). Reported on input line 102.
Package babel Info: Hyphen rules for 'australian' set to \l@ukenglish
(babel)             (\language73). Reported on input line 105.
Package babel Info: Hyphen rules for 'newzealand' set to \l@ukenglish
(babel)             (\language73). Reported on input line 108.
))
(C:\Users\daveg\AppData\Local\Programs\MiKTeX\tex/generic/babel/locale/en\babel
-english.tex
Package babel Info: Importing font and identification data for english
(babel)             from babel-en.ini. Reported on input line 11.
)
(C:\Users\daveg\AppData\Local\Programs\MiKTeX\tex/generic/babel/locale/cs\babel
-czech.tex
Package babel Info: Importing font and identification data for czech
(babel)             from babel-cs.ini. Reported on input line 11.
)
(C:\Users\daveg\AppData\Local\Programs\MiKTeX\tex/latex/graphics\graphicx.sty
Package: graphicx 2021/09/16 v1.2d Enhanced LaTeX Graphics (DPC,SPQR)

(C:\Users\daveg\AppData\Local\Programs\MiKTeX\tex/latex/graphics\keyval.sty
Package: keyval 2022/05/29 v1.15 key=value parser (DPC)
\KV@toks@=\toks19
)
(C:\Users\daveg\AppData\Local\Programs\MiKTeX\tex/latex/graphics\graphics.sty
Package: graphics 2022/03/10 v1.4e Standard LaTeX Graphics (DPC,SPQR)

(C:\Users\daveg\AppData\Local\Programs\MiKTeX\tex/latex/graphics\trig.sty
Package: trig 2021/08/11 v1.11 sin cos tan (DPC)
)
(C:\Users\daveg\AppData\Local\Programs\MiKTeX\tex/latex/graphics-cfg\graphics.c
fg
File: graphics.cfg 2016/06/04 v1.11 sample graphics configuration
)
Package graphics Info: Driver file: pdftex.def on input line 107.

(C:\Users\daveg\AppData\Local\Programs\MiKTeX\tex/latex/graphics-def\pdftex.def
File: pdftex.def 2022/09/22 v1.2b Graphics/color driver for pdftex
))
\Gin@req@height=\dimen142
\Gin@req@width=\dimen143
)
(C:\Users\daveg\AppData\Local\Programs\MiKTeX\tex/latex/hyperref\hyperref.sty
Package: hyperref 2023-11-26 v7.01g Hypertext links for LaTeX

(C:\Users\daveg\AppData\Local\Programs\MiKTeX\tex/generic/iftex\iftex.sty
Package: iftex 2022/02/03 v1.0f TeX engine tests
)
(C:\Users\daveg\AppData\Local\Programs\MiKTeX\tex/generic/infwarerr\infwarerr.s
ty
Package: infwarerr 2019/12/03 v1.5 Providing info/warning/error messages (HO)
)
(C:\Users\daveg\AppData\Local\Programs\MiKTeX\tex/latex/kvsetkeys\kvsetkeys.sty
Package: kvsetkeys 2022-10-05 v1.19 Key value parser (HO)
)
(C:\Users\daveg\AppData\Local\Programs\MiKTeX\tex/generic/kvdefinekeys\kvdefine
keys.sty
Package: kvdefinekeys 2019-12-19 v1.6 Define keys (HO)
)
(C:\Users\daveg\AppData\Local\Programs\MiKTeX\tex/generic/pdfescape\pdfescape.s
ty
Package: pdfescape 2019/12/09 v1.15 Implements pdfTeX's escape features (HO)

(C:\Users\daveg\AppData\Local\Programs\MiKTeX\tex/generic/ltxcmds\ltxcmds.sty
Package: ltxcmds 2023-12-04 v1.26 LaTeX kernel commands for general use (HO)
)
(C:\Users\daveg\AppData\Local\Programs\MiKTeX\tex/generic/pdftexcmds\pdftexcmds
.sty
Package: pdftexcmds 2020-06-27 v0.33 Utility functions of pdfTeX for LuaTeX (HO
)
Package pdftexcmds Info: \pdf@primitive is available.
Package pdftexcmds Info: \pdf@ifprimitive is available.
Package pdftexcmds Info: \pdfdraftmode found.
))
(C:\Users\daveg\AppData\Local\Programs\MiKTeX\tex/latex/hycolor\hycolor.sty
Package: hycolor 2020-01-27 v1.10 Color options for hyperref/bookmark (HO)
)
(C:\Users\daveg\AppData\Local\Programs\MiKTeX\tex/latex/letltxmacro\letltxmacro
.sty
Package: letltxmacro 2019/12/03 v1.6 Let assignment for LaTeX macros (HO)
)
(C:\Users\daveg\AppData\Local\Programs\MiKTeX\tex/latex/auxhook\auxhook.sty
Package: auxhook 2019-12-17 v1.6 Hooks for auxiliary files (HO)
)
(C:\Users\daveg\AppData\Local\Programs\MiKTeX\tex/latex/hyperref\nameref.sty
Package: nameref 2023-11-26 v2.56 Cross-referencing by name of section

(C:\Users\daveg\AppData\Local\Programs\MiKTeX\tex/latex/refcount\refcount.sty
Package: refcount 2019/12/15 v3.6 Data extraction from label references (HO)
)
(C:\Users\daveg\AppData\Local\Programs\MiKTeX\tex/generic/gettitlestring\gettit
lestring.sty
Package: gettitlestring 2019/12/15 v1.6 Cleanup title references (HO)

(C:\Users\daveg\AppData\Local\Programs\MiKTeX\tex/latex/kvoptions\kvoptions.sty
Package: kvoptions 2022-06-15 v3.15 Key value format for package options (HO)
))
\c@section@level=\count198
)
(C:\Users\daveg\AppData\Local\Programs\MiKTeX\tex/latex/etoolbox\etoolbox.sty
Package: etoolbox 2020/10/05 v2.5k e-TeX tools for LaTeX (JAW)
\etb@tempcnta=\count199
)
\@linkdim=\dimen144
\Hy@linkcounter=\count266
\Hy@pagecounter=\count267

(C:\Users\daveg\AppData\Local\Programs\MiKTeX\tex/latex/hyperref\pd1enc.def
File: pd1enc.def 2023-11-26 v7.01g Hyperref: PDFDocEncoding definition (HO)
Now handling font encoding PD1 ...
... no UTF-8 mapping file for font encoding PD1
)
(C:\Users\daveg\AppData\Local\Programs\MiKTeX\tex/generic/intcalc\intcalc.sty
Package: intcalc 2019/12/15 v1.3 Expandable calculations with integers (HO)
)
\Hy@SavedSpaceFactor=\count268

(C:\Users\daveg\AppData\Local\Programs\MiKTeX\tex/latex/hyperref\puenc.def
File: puenc.def 2023-11-26 v7.01g Hyperref: PDF Unicode definition (HO)
Now handling font encoding PU ...
... no UTF-8 mapping file for font encoding PU
)
Package hyperref Info: Hyper figures OFF on input line 4181.
Package hyperref Info: Link nesting OFF on input line 4186.
Package hyperref Info: Hyper index ON on input line 4189.
Package hyperref Info: Plain pages OFF on input line 4196.
Package hyperref Info: Backreferencing OFF on input line 4201.
Package hyperref Info: Implicit mode ON; LaTeX internals redefined.
Package hyperref Info: Bookmarks ON on input line 4448.
\c@Hy@tempcnt=\count269

(C:\Users\daveg\AppData\Local\Programs\MiKTeX\tex/latex/url\url.sty
\Urlmuskip=\muskip16
Package: url 2013/09/16  ver 3.4  Verb mode for urls, etc.
)
LaTeX Info: Redefining \url on input line 4786.
\XeTeXLinkMargin=\dimen145

(C:\Users\daveg\AppData\Local\Programs\MiKTeX\tex/generic/bitset\bitset.sty
Package: bitset 2019/12/09 v1.3 Handle bit-vector datatype (HO)

(C:\Users\daveg\AppData\Local\Programs\MiKTeX\tex/generic/bigintcalc\bigintcalc
.sty
Package: bigintcalc 2019/12/15 v1.5 Expandable calculations on big integers (HO
)
))
\Fld@menulength=\count270
\Field@Width=\dimen146
\Fld@charsize=\dimen147
Package hyperref Info: Hyper figures OFF on input line 6065.
Package hyperref Info: Link nesting OFF on input line 6070.
Package hyperref Info: Hyper index ON on input line 6073.
Package hyperref Info: backreferencing OFF on input line 6080.
Package hyperref Info: Link coloring OFF on input line 6085.
Package hyperref Info: Link coloring with OCG OFF on input line 6090.
Package hyperref Info: PDF/A mode OFF on input line 6095.

(C:\Users\daveg\AppData\Local\Programs\MiKTeX\tex/latex/base\atbegshi-ltx.sty
Package: atbegshi-ltx 2021/01/10 v1.0c Emulation of the original atbegshi
package with kernel methods
)
\Hy@abspage=\count271
\c@Item=\count272
\c@Hfootnote=\count273
)
Package hyperref Info: Driver (autodetected): hpdftex.
(C:\Users\daveg\AppData\Local\Programs\MiKTeX\tex/latex/hyperref\hpdftex.def
File: hpdftex.def 2023-11-26 v7.01g Hyperref driver for pdfTeX

(C:\Users\daveg\AppData\Local\Programs\MiKTeX\tex/latex/base\atveryend-ltx.sty
Package: atveryend-ltx 2020/08/19 v1.0a Emulation of the original atveryend pac
kage
with kernel methods
)
\Fld@listcount=\count274
\c@bookmark@seq@number=\count275

(C:\Users\daveg\AppData\Local\Programs\MiKTeX\tex/latex/rerunfilecheck\rerunfil
echeck.sty
Package: rerunfilecheck 2025-06-21 v1.11 Rerun checks for auxiliary files (HO)

(C:\Users\daveg\AppData\Local\Programs\MiKTeX\tex/generic/uniquecounter\uniquec
ounter.sty
Package: uniquecounter 2019/12/15 v1.4 Provide unlimited unique counter (HO)
)
Package uniquecounter Info: New unique counter `rerunfilecheck' on input line 2
84.
)
\Hy@SectionHShift=\skip50
)
(C:\Users\daveg\AppData\Local\Programs\MiKTeX\tex/latex/geometry\geometry.sty
Package: geometry 2020/01/02 v5.9 Page Geometry

(C:\Users\daveg\AppData\Local\Programs\MiKTeX\tex/generic/iftex\ifvtex.sty
Package: ifvtex 2019/10/25 v1.7 ifvtex legacy package. Use iftex instead.
)
\Gm@cnth=\count276
\Gm@cntv=\count277
\c@Gm@tempcnt=\count278
\Gm@bindingoffset=\dimen148
\Gm@wd@mp=\dimen149
\Gm@odd@mp=\dimen150
\Gm@even@mp=\dimen151
\Gm@layoutwidth=\dimen152
\Gm@layoutheight=\dimen153
\Gm@layouthoffset=\dimen154
\Gm@layoutvoffset=\dimen155
\Gm@dimlist=\toks20

(C:\Users\daveg\AppData\Local\Programs\MiKTeX\tex/latex/geometry\geometry.cfg))
(C:\Users\daveg\AppData\Local\Programs\MiKTeX\tex/latex/xcolor\xcolor.sty
Package: xcolor 2023/11/15 v3.01 LaTeX color extensions (UK)

(C:\Users\daveg\AppData\Local\Programs\MiKTeX\tex/latex/graphics-cfg\color.cfg
File: color.cfg 2016/01/02 v1.6 sample color configuration
)
Package xcolor Info: Driver file: pdftex.def on input line 274.
(C:\Users\daveg\AppData\Local\Programs\MiKTeX\tex/latex/graphics\mathcolor.ltx)
Package xcolor Info: Model `cmy' substituted by `cmy0' on input line 1350.
Package xcolor Info: Model `hsb' substituted by `rgb' on input line 1354.
Package xcolor Info: Model `RGB' extended on input line 1366.
Package xcolor Info: Model `HTML' substituted by `rgb' on input line 1368.
Package xcolor Info: Model `Hsb' substituted by `hsb' on input line 1369.
Package xcolor Info: Model `tHsb' substituted by `hsb' on input line 1370.
Package xcolor Info: Model `HSB' substituted by `hsb' on input line 1371.
Package xcolor Info: Model `Gray' substituted by `gray' on input line 1372.
Package xcolor Info: Model `wave' substituted by `hsb' on input line 1373.
) (C:\Users\daveg\AppData\Local\Programs\MiKTeX\tex/latex/float\float.sty
Package: float 2001/11/08 v1.3d Float enhancements (AL)
\c@float@type=\count279
\float@exts=\toks21
\float@box=\box51
\@float@everytoks=\toks22
\@floatcapt=\box52
)
(C:\Users\daveg\AppData\Local\Programs\MiKTeX\tex/latex/l3backend\l3backend-pdf
tex.def
File: l3backend-pdftex.def 2024-01-04 L3 backend support: PDF output (pdfTeX)
\l__color_backend_stack_int=\count280
\l__pdf_internal_box=\box53
) (Lab_2.aux)
\openout1 = `Lab_2.aux'.

LaTeX Font Info:    Checking defaults for OML/cmm/m/it on input line 15.
LaTeX Font Info:    ... okay on input line 15.
LaTeX Font Info:    Checking defaults for OMS/cmsy/m/n on input line 15.
LaTeX Font Info:    ... okay on input line 15.
LaTeX Font Info:    Checking defaults for OT1/cmr/m/n on input line 15.
LaTeX Font Info:    ... okay on input line 15.
LaTeX Font Info:    Checking defaults for T1/cmr/m/n on input line 15.
LaTeX Font Info:    ... okay on input line 15.
LaTeX Font Info:    Checking defaults for TS1/cmr/m/n on input line 15.
LaTeX Font Info:    ... okay on input line 15.
LaTeX Font Info:    Checking defaults for OMX/cmex/m/n on input line 15.
LaTeX Font Info:    ... okay on input line 15.
LaTeX Font Info:    Checking defaults for U/cmr/m/n on input line 15.
LaTeX Font Info:    ... okay on input line 15.
LaTeX Font Info:    Checking defaults for PD1/pdf/m/n on input line 15.
LaTeX Font Info:    ... okay on input line 15.
LaTeX Font Info:    Checking defaults for PU/pdf/m/n on input line 15.
LaTeX Font Info:    ... okay on input line 15.

(C:\Users\daveg\AppData\Local\Programs\MiKTeX\tex/context/base/mkii\supp-pdf.mk
ii
[Loading MPS to PDF converter (version 2006.09.02).]
\scratchcounter=\count281
\scratchdimen=\dimen156
\scratchbox=\box54
\nofMPsegments=\count282
\nofMParguments=\count283
\everyMPshowfont=\toks23
\MPscratchCnt=\count284
\MPscratchDim=\dimen157
\MPnumerator=\count285
\makeMPintoPDFobject=\count286
\everyMPtoPDFconversion=\toks24
)
(C:\Users\daveg\AppData\Local\Programs\MiKTeX\tex/latex/epstopdf-pkg\epstopdf-b
ase.sty
Package: epstopdf-base 2020-01-24 v2.11 Base part for package epstopdf
Package epstopdf-base Info: Redefining graphics rule for `.eps' on input line 4
85.

(C:\Users\daveg\AppData\Local\Programs\MiKTeX\tex/latex/00miktex\epstopdf-sys.c
fg
File: epstopdf-sys.cfg 2021/03/18 v2.0 Configuration of epstopdf for MiKTeX
))
Package hyperref Info: Link coloring OFF on input line 15.
 (Lab_2.out) (Lab_2.out)
\@outlinefile=\write3
\openout3 = `Lab_2.out'.


*geometry* driver: auto-detecting
*geometry* detected driver: pdftex
*geometry* verbose mode - [ preamble ] result:
* driver: pdftex
* paper: a4paper
* layout: <same size as paper>
* layoutoffset:(h,v)=(0.0pt,0.0pt)
* modes: 
* h-part:(L,W,R)=(71.13188pt, 455.24411pt, 71.13188pt)
* v-part:(T,H,B)=(71.13188pt, 702.78308pt, 71.13188pt)
* \paperwidth=597.50787pt
* \paperheight=845.04684pt
* \textwidth=455.24411pt
* \textheight=702.78308pt
* \oddsidemargin=-1.1381pt
* \evensidemargin=-1.1381pt
* \topmargin=-38.1381pt
* \headheight=12.0pt
* \headsep=25.0pt
* \topskip=12.0pt
* \footskip=30.0pt
* \marginparwidth=35.0pt
* \marginparsep=10.0pt
* \columnsep=10.0pt
* \skip\footins=10.8pt plus 4.0pt minus 2.0pt
* \hoffset=0.0pt
* \voffset=0.0pt
* \mag=1000
* \@twocolumnfalse
* \@twosidefalse
* \@mparswitchfalse
* \@reversemarginfalse
* (1in=72.27pt=25.4mm, 1cm=28.453pt)

LaTeX Font Info:    External font `cmex10' loaded for size
(Font)              <12> on input line 22.
LaTeX Font Info:    External font `cmex10' loaded for size
(Font)              <8> on input line 22.
LaTeX Font Info:    External font `cmex10' loaded for size
(Font)              <6> on input line 22.
LaTeX Font Info:    Trying to load font information for T1+cmtt on input line 4
0.
(C:\Users\daveg\AppData\Local\Programs\MiKTeX\tex/latex/base\t1cmtt.fd
File: t1cmtt.fd 2023/04/13 v2.5m Standard LaTeX font definitions
)
<Pictures_Lab2/obj 1.png, id=3, 618.51076pt x 400.49625pt>
File: Pictures_Lab2/obj 1.png Graphic file (type png)
<use Pictures_Lab2/obj 1.png>
Package pdftex.def Info: Pictures_Lab2/obj 1.png  used on input line 69.
(pdftex.def)             Requested size: 455.24641pt x 294.77982pt.

[1

{C:/Users/daveg/AppData/Local/MiKTeX/fonts/map/pdftex/pdftex.map}] [2
pdfTeX warning (ext4): destination with the same identifier (name{figure.1}) ha
s been already used, duplicate ignored
<argument> ...shipout:D \box_use:N \l_shipout_box 
                                                  \__shipout_drop_firstpage_...
l.96 
      <./Pictures_Lab2/obj 1.png>]
<Pictures_Lab2/obj 2.png, id=25, 513.71925pt x 355.92975pt>
File: Pictures_Lab2/obj 2.png Graphic file (type png)
<use Pictures_Lab2/obj 2.png>
Package pdftex.def Info: Pictures_Lab2/obj 2.png  used on input line 99.
(pdftex.def)             Requested size: 455.26468pt x 315.42958pt.
<Pictures_Lab2/obj3_showiproute.png, id=26, 392.667pt x 184.89075pt>
File: Pictures_Lab2/obj3_showiproute.png Graphic file (type png)
<use Pictures_Lab2/obj3_showiproute.png>
Package pdftex.def Info: Pictures_Lab2/obj3_showiproute.png  used on input line
 119.
(pdftex.def)             Requested size: 455.25438pt x 214.36053pt.
 [3
pdfTeX warning (ext4): destination with the same identifier (name{figure.2}) ha
s been already used, duplicate ignored
<argument> ...shipout:D \box_use:N \l_shipout_box 
                                                  \__shipout_drop_firstpage_...
l.122 
       <./Pictures_Lab2/obj 2.png>]
<Pictures_Lab2/obj3_r2showiproute.png, id=34, 392.06474pt x 211.992pt>
File: Pictures_Lab2/obj3_r2showiproute.png Graphic file (type png)
<use Pictures_Lab2/obj3_r2showiproute.png>
Package pdftex.def Info: Pictures_Lab2/obj3_r2showiproute.png  used on input li
ne 125.
(pdftex.def)             Requested size: 455.2441pt x 246.15347pt.
<Pictures_Lab2/obj3_r3showiproute.png, id=35, 383.63326pt x 182.48175pt>
File: Pictures_Lab2/obj3_r3showiproute.png Graphic file (type png)
<use Pictures_Lab2/obj3_r3showiproute.png>
Package pdftex.def Info: Pictures_Lab2/obj3_r3showiproute.png  used on input li
ne 131.
(pdftex.def)             Requested size: 455.24725pt x 216.54617pt.
 [4
pdfTeX warning (ext4): destination with the same identifier (name{figure.3}) ha
s been already used, duplicate ignored
<argument> ...shipout:D \box_use:N \l_shipout_box 
                                                  \__shipout_drop_firstpage_...
l.134 
      
pdfTeX warning (ext4): destination with the same identifier (name{figure.4}) ha
s been already used, duplicate ignored
<argument> ...shipout:D \box_use:N \l_shipout_box 
                                                  \__shipout_drop_firstpage_...
l.134 
       <./Pictures_Lab2/obj3_showiproute.png> <./Pictures_Lab2/obj3_r2showiprou
te.png>]
<Pictures_Lab2/obj3_r4showiproute.png, id=44, 388.45125pt x 157.18726pt>
File: Pictures_Lab2/obj3_r4showiproute.png Graphic file (type png)
<use Pictures_Lab2/obj3_r4showiproute.png>
Package pdftex.def Info: Pictures_Lab2/obj3_r4showiproute.png  used on input li
ne 137.
(pdftex.def)             Requested size: 455.25667pt x 184.22014pt.
 [5
pdfTeX warning (ext4): destination with the same identifier (name{figure.5}) ha
s been already used, duplicate ignored
<argument> ...shipout:D \box_use:N \l_shipout_box 
                                                  \__shipout_drop_firstpage_...
l.156 
      
pdfTeX warning (ext4): destination with the same identifier (name{figure.6}) ha
s been already used, duplicate ignored
<argument> ...shipout:D \box_use:N \l_shipout_box 
                                                  \__shipout_drop_firstpage_...
l.156 
       <./Pictures_Lab2/obj3_r3showiproute.png> <./Pictures_Lab2/obj3_r4showipr
oute.png>]
<Pictures_Lab2/obj4 r1static.png, id=53, 389.65575pt x 215.6055pt>
File: Pictures_Lab2/obj4 r1static.png Graphic file (type png)
<use Pictures_Lab2/obj4 r1static.png>
Package pdftex.def Info: Pictures_Lab2/obj4 r1static.png  used on input line 16
5.
(pdftex.def)             Requested size: 455.27702pt x 251.91527pt.
<Pictures_Lab2/obj4_r2static.png, id=54, 386.04225pt x 214.401pt>
File: Pictures_Lab2/obj4_r2static.png Graphic file (type png)
<use Pictures_Lab2/obj4_r2static.png>
Package pdftex.def Info: Pictures_Lab2/obj4_r2static.png  used on input line 17
1.
(pdftex.def)             Requested size: 455.25494pt x 252.84048pt.
 [6
pdfTeX warning (ext4): destination with the same identifier (name{figure.7}) ha
s been already used, duplicate ignored
<argument> ...shipout:D \box_use:N \l_shipout_box 
                                                  \__shipout_drop_firstpage_...
l.174 
       <./Pictures_Lab2/obj4 r1static.png>]
<Pictures_Lab2/obj4_r3static.png, id=62, 386.6445pt x 193.32225pt>
File: Pictures_Lab2/obj4_r3static.png Graphic file (type png)
<use Pictures_Lab2/obj4_r3static.png>
Package pdftex.def Info: Pictures_Lab2/obj4_r3static.png  used on input line 17
7.
(pdftex.def)             Requested size: 455.2631pt x 227.63155pt.
<Pictures_Lab2/obj4_r4static.png, id=63, 383.031pt x 193.9245pt>
File: Pictures_Lab2/obj4_r4static.png Graphic file (type png)
<use Pictures_Lab2/obj4_r4static.png>
Package pdftex.def Info: Pictures_Lab2/obj4_r4static.png  used on input line 18
3.
(pdftex.def)             Requested size: 455.27484pt x 230.50076pt.
 [7
pdfTeX warning (ext4): destination with the same identifier (name{figure.8}) ha
s been already used, duplicate ignored
<argument> ...shipout:D \box_use:N \l_shipout_box 
                                                  \__shipout_drop_firstpage_...
l.186 
      
pdfTeX warning (ext4): destination with the same identifier (name{figure.9}) ha
s been already used, duplicate ignored
<argument> ...shipout:D \box_use:N \l_shipout_box 
                                                  \__shipout_drop_firstpage_...
l.186 
       <./Pictures_Lab2/obj4_r2static.png> <./Pictures_Lab2/obj4_r3static.png>]
<Pictures_Lab2/obj5_r1tableafterdelete.png, id=73, 387.24675pt x 174.6525pt>
File: Pictures_Lab2/obj5_r1tableafterdelete.png Graphic file (type png)
<use Pictures_Lab2/obj5_r1tableafterdelete.png>
Package pdftex.def Info: Pictures_Lab2/obj5_r1tableafterdelete.png  used on inp
ut line 205.
(pdftex.def)             Requested size: 455.27496pt x 205.33397pt.
[8
pdfTeX warning (ext4): destination with the same identifier (name{figure.10}) h
as been already used, duplicate ignored
<argument> ...shipout:D \box_use:N \l_shipout_box 
                                                  \__shipout_drop_firstpage_...
l.208 
       <./Pictures_Lab2/obj4_r4static.png>]
<Pictures_Lab2/obj5_lastquestion.png, id=81, 284.262pt x 245.11575pt>
File: Pictures_Lab2/obj5_lastquestion.png Graphic file (type png)
<use Pictures_Lab2/obj5_lastquestion.png>
Package pdftex.def Info: Pictures_Lab2/obj5_lastquestion.png  used on input lin
e 217.
(pdftex.def)             Requested size: 448.30055pt x 386.56425pt.
 [9
pdfTeX warning (ext4): destination with the same identifier (name{figure.11}) h
as been already used, duplicate ignored
<argument> ...shipout:D \box_use:N \l_shipout_box 
                                                  \__shipout_drop_firstpage_...
l.220 
       <./Pictures_Lab2/obj5_r1tableafterdelete.png>]
<Pictures_Lab2/obj6_r1routeafterreadding.png, id=90, 386.6445pt x 215.00325pt>
File: Pictures_Lab2/obj6_r1routeafterreadding.png Graphic file (type png)
<use Pictures_Lab2/obj6_r1routeafterreadding.png>
Package pdftex.def Info: Pictures_Lab2/obj6_r1routeafterreadding.png  used on i
nput line 239.
(pdftex.def)             Requested size: 455.2631pt x 253.16031pt.
 [10
pdfTeX warning (ext4): destination with the same identifier (name{figure.12}) h
as been already used, duplicate ignored
<argument> ...shipout:D \box_use:N \l_shipout_box 
                                                  \__shipout_drop_firstpage_...
l.242 I
       t can be noted that no new records appeared, as the records were not ...
 <./Pictures_Lab2/obj5_lastquestion.png>]
<Pictures_Lab2/obj6_r1afterrip.png, id=98, 386.04225pt x 208.98074pt>
File: Pictures_Lab2/obj6_r1afterrip.png Graphic file (type png)
<use Pictures_Lab2/obj6_r1afterrip.png>
Package pdftex.def Info: Pictures_Lab2/obj6_r1afterrip.png  used on input line 
247.
(pdftex.def)             Requested size: 389.48726pt x 210.84566pt.

Overfull \hbox (11.29213pt too wide) in paragraph at lines 244--249
[]\T1/cmr/m/n/12 All static routes were then deleted from the routers us-ing co
m-mand tem-plate \T1/cmtt/m/n/12 Rx(config)#no
 []

[11
pdfTeX warning (ext4): destination with the same identifier (name{figure.13}) h
as been already used, duplicate ignored
<argument> ...shipout:D \box_use:N \l_shipout_box 
                                                  \__shipout_drop_firstpage_...
l.253 A
       fter dynamic routing, R3's routing table now looks as follows:
pdfTeX warning (ext4): destination with the same identifier (name{figure.14}) h
as been already used, duplicate ignored
<argument> ...shipout:D \box_use:N \l_shipout_box 
                                                  \__shipout_drop_firstpage_...
l.253 A
       fter dynamic routing, R3's routing table now looks as follows: <./Pictur
es_Lab2/obj6_r1routeafterreadding.png> <./Pictures_Lab2/obj6_r1afterrip.png>]
<Pictures_Lab2/obj6_r3afterrip.png, id=107, 383.63326pt x 202.95825pt>
File: Pictures_Lab2/obj6_r3afterrip.png Graphic file (type png)
<use Pictures_Lab2/obj6_r3afterrip.png>
Package pdftex.def Info: Pictures_Lab2/obj6_r3afterrip.png  used on input line 
256.
(pdftex.def)             Requested size: 455.24725pt x 240.8451pt.

Underfull \hbox (badness 10000) in paragraph at lines 275--276

 []

<Pictures_Lab2/obj7_r1afterdelete.png, id=108, 386.6445pt x 196.3335pt>
File: Pictures_Lab2/obj7_r1afterdelete.png Graphic file (type png)
<use Pictures_Lab2/obj7_r1afterdelete.png>
Package pdftex.def Info: Pictures_Lab2/obj7_r1afterdelete.png  used on input li
ne 281.
(pdftex.def)             Requested size: 455.2631pt x 231.1772pt.
[12
pdfTeX warning (ext4): destination with the same identifier (name{figure.15}) h
as been already used, duplicate ignored
<argument> ...shipout:D \box_use:N \l_shipout_box 
                                                  \__shipout_drop_firstpage_...
l.284 
       <./Pictures_Lab2/obj6_r3afterrip.png>]
Overfull \hbox (34.73499pt too wide) in paragraph at lines 287--288
[]\T1/cmr/m/n/12 The route used to reach the net-works is [120/2] for \T1/cmtt/
m/n/12 10.3.0.0/16 \T1/cmr/m/n/12 and [120/3] for \T1/cmtt/m/n/12 192.168.2.0/2
4\T1/cmr/m/n/12 .
 []

<Pictures_Lab2/obj7_r3afterdelete.png, id=116, 387.24675pt x 184.89075pt>
File: Pictures_Lab2/obj7_r3afterdelete.png Graphic file (type png)
<use Pictures_Lab2/obj7_r3afterdelete.png>
Package pdftex.def Info: Pictures_Lab2/obj7_r3afterdelete.png  used on input li
ne 292.
(pdftex.def)             Requested size: 455.27496pt x 217.37076pt.
[13
pdfTeX warning (ext4): destination with the same identifier (name{figure.16}) h
as been already used, duplicate ignored
<argument> ...shipout:D \box_use:N \l_shipout_box 
                                                  \__shipout_drop_firstpage_...
l.297 
      
pdfTeX warning (ext4): destination with the same identifier (name{figure.17}) h
as been already used, duplicate ignored
<argument> ...shipout:D \box_use:N \l_shipout_box 
                                                  \__shipout_drop_firstpage_...
l.297 
       <./Pictures_Lab2/obj7_r1afterdelete.png> <./Pictures_Lab2/obj7_r3afterde
lete.png>] [14] (Lab_2.aux)
 ***********
LaTeX2e <2023-11-01> patch level 1
L3 programming layer <2024-01-04>
 ***********
Package rerunfilecheck Info: File `Lab_2.out' has not changed.
(rerunfilecheck)             Checksum: D41D8CD98F00B204E9800998ECF8427E;0.
 ) 
Here is how much of TeX's memory you used:
 10987 strings out of 474486
 177301 string characters out of 5743754
 1936542 words of memory out of 5000000
 33098 multiletter control sequences out of 15000+600000
 565539 words of font info for 53 fonts, out of 8000000 for 9000
 1141 hyphenation exceptions out of 8191
 75i,7n,79p,521b,449s stack positions out of 10000i,1000n,20000p,200000b,200000s
 <C:\Users\daveg\AppData\Local\MiKTeX\fonts/pk/ljfour/jknappen/ec/dpi600\ecit
1200.pk> <C:\Users\daveg\AppData\Local\MiKTeX\fonts/pk/ljfour/jknappen/ec/dpi60
0\ecti1200.pk> <C:\Users\daveg\AppData\Local\MiKTeX\fonts/pk/ljfour/jknappen/ec
/dpi600\ectt1200.pk> <C:\Users\daveg\AppData\Local\MiKTeX\fonts/pk/ljfour/jknap
pen/ec/dpi600\tcrm1200.pk> <C:\Users\daveg\AppData\Local\MiKTeX\fonts/pk/ljfour
/jknappen/ec/dpi600\ecrm1200.pk> <C:\Users\daveg\AppData\Local\MiKTeX\fonts/pk/
ljfour/jknappen/ec/dpi600\ecbx1200.pk> <C:\Users\daveg\AppData\Local\MiKTeX\fon
ts/pk/ljfour/jknappen/ec/dpi600\ecbx1728.pk><C:/Users/daveg/AppData/Local/Progr
ams/MiKTeX/fonts/type1/public/amsfonts/cm/cmsy10.pfb>
Output written on Lab_2.pdf (14 pages, 351731 bytes).
PDF statistics:
 386 PDF objects out of 1000 (max. 8388607)
 41 named destinations out of 1000 (max. 500000)
 86 words of extra memory for PDF output out of 10000 (max. 10000000)

